<?xml version="1.0" encoding="UTF-8"?>
<!-- Generated by org.testng.reporters.JUnitXMLReporter -->
<testsuite ignored="0" hostname="DESKTOP-0PSEAHP" failures="1" tests="3" name="Error Validation Test" time="84.531" errors="0" timestamp="2024-08-29T15:44:50 IST">
  <testcase classname="TestAutomation.Test.ErrorValidation" name="LoginErrorValidation" time="0.483">
    <skipped/>
  </testcase> <!-- LoginErrorValidation -->
  <testcase classname="TestAutomation.Test.ErrorValidation" name="LoginErrorValidation" time="0.528">
    <failure type="java.lang.AssertionError" message="expected [Incorrect email or password.] but found [Incorrect email  password.]">
      <![CDATA[java.lang.AssertionError: expected [Incorrect email or password.] but found [Incorrect email  password.]
at TestAutomation.Test.ErrorValidation.LoginErrorValidation(ErrorValidation.java:40)
at java.base/java.util.ArrayList.forEach(ArrayList.java:1596)
at java.base/java.util.concurrent.FutureTask.run(FutureTask.java:317)
at java.base/java.util.concurrent.ThreadPoolExecutor.runWorker(ThreadPoolExecutor.java:1144)
at java.base/java.util.concurrent.ThreadPoolExecutor$Worker.run(ThreadPoolExecutor.java:642)
at java.base/java.lang.Thread.run(Thread.java:1583)
... Removed 21 stack frames]]>
    </failure>
  </testcase> <!-- LoginErrorValidation -->
  <testcase classname="TestAutomation.Test.ErrorValidation" name="ProductErrorValidation" time="3.115"/>
</testsuite> <!-- Error Validation Test -->
